<?xml version="1.0" encoding="UTF-8"?>
<beans xmlns="http://www.springframework.org/schema/beans"
       xmlns:xsi="http://www.w3.org/2001/XMLSchema-instance"
       xsi:schemaLocation="http://www.springframework.org/schema/beans http://www.springframework.org/schema/beans/spring-beans-3.1.xsd
            http://www.springframework.org/schema/context http://www.springframework.org/schema/context/spring-context-3.1.xsd">

    <bean id="dataSource" class="org.springframework.jdbc.datasource.SimpleDriverDataSource">
        <property name="driverClass" value="com.mysql.jdbc.Driver"/>
        <property name="url" value="jdbc:mysql://localhost/test"/>
        <property name="username" value="root"/>
        <property name="password" value="1234"/>
    </bean>

    <bean id = "jdbcTemplate" class="org.springframework.jdbc.core.JdbcTemplate">
        <property name="dataSource" ref="dataSource"/>
    </bean>

    <bean id="userDao" class="springbook.user.dao.UserDaoJdbc">
        <property name="jdbcTemplate" ref="jdbcTemplate"/>
    </bean>

    <bean id="userLevelUpgradePolicy" class="springbook.user.service.DefaultUserLevelUpgradePolicy">
        <property name="userDao" ref="userDao"/>
    </bean>

    <bean id="transactionManager" class="org.springframework.jdbc.datasource.DataSourceTransactionManager">
        <constructor-arg name="dataSource" ref="dataSource"/>
    </bean>

    <bean id="mailSender" class="springbook.user.service.DummyMailSender" />

    <!-- Decorator -->
    <!--<bean id="userService" class="springbook.user.service.UserServiceTx">
        <property name="transactionManager" ref="transactionManager"/>
        <property name="userService" ref="userServiceImpl"/>
    </bean>-->

    <!-- Target -->
    <bean id="userServiceImpl" class="springbook.user.service.UserServiceImpl">
        <property name="userDao" ref="userDao"/>
        <!--<property name="userLevelUpgradePolicy" ref="userLevelUpgradePolicy"/>-->
        <property name="mailSender" ref="mailSender" />
    </bean>

</beans>